<?xml version="1.0" encoding="UTF-8"?>
<testng-results ignored="0" total="4" passed="4" failed="0" skipped="0">
  <reporter-output>
  </reporter-output>
  <suite started-at="2025-05-21T00:22:11 IST" name="PetSuite" finished-at="2025-05-21T00:22:22 IST" duration-ms="11064">
    <groups>
    </groups>
    <test started-at="2025-05-21T00:22:11 IST" name="PetTest" finished-at="2025-05-21T00:22:22 IST" duration-ms="11064">
      <class name="api.test.UserTests">
        <test-method is-config="true" signature="setup()[pri:0, instance:api.test.UserTests@1ebd319f]" started-at="2025-05-21T00:22:11 IST" name="setup" finished-at="2025-05-21T00:22:12 IST" duration-ms="726" status="PASS">
          <reporter-output>
          </reporter-output>
        </test-method> <!-- setup -->
        <test-method signature="testPostUser()[pri:1, instance:api.test.UserTests@1ebd319f]" started-at="2025-05-21T00:22:12 IST" name="testPostUser" finished-at="2025-05-21T00:22:16 IST" duration-ms="4101" status="PASS">
          <reporter-output>
          </reporter-output>
        </test-method> <!-- testPostUser -->
        <test-method signature="testGetUserByName()[pri:2, instance:api.test.UserTests@1ebd319f]" started-at="2025-05-21T00:22:16 IST" name="testGetUserByName" finished-at="2025-05-21T00:22:17 IST" duration-ms="1439" status="PASS">
          <reporter-output>
          </reporter-output>
        </test-method> <!-- testGetUserByName -->
        <test-method signature="tesUpdatetUserByName()[pri:3, instance:api.test.UserTests@1ebd319f]" started-at="2025-05-21T00:22:17 IST" name="tesUpdatetUserByName" finished-at="2025-05-21T00:22:20 IST" duration-ms="3056" status="PASS">
          <reporter-output>
          </reporter-output>
        </test-method> <!-- tesUpdatetUserByName -->
        <test-method signature="testDeleteUserByName()[pri:4, instance:api.test.UserTests@1ebd319f]" started-at="2025-05-21T00:22:20 IST" name="testDeleteUserByName" finished-at="2025-05-21T00:22:22 IST" duration-ms="1458" status="PASS">
          <reporter-output>
          </reporter-output>
        </test-method> <!-- testDeleteUserByName -->
      </class> <!-- api.test.UserTests -->
    </test> <!-- PetTest -->
  </suite> <!-- PetSuite -->
</testng-results>
