<?xml version="1.0" encoding="UTF-8"?>
<testsuite xmlns:xsi="http://www.w3.org/2001/XMLSchema-instance" xsi:noNamespaceSchemaLocation="https://maven.apache.org/surefire/maven-surefire-plugin/xsd/surefire-test-report.xsd" version="3.0.2" name="TestSuite" time="13.2" tests="4" errors="0" skipped="0" failures="0">
  <properties>
[...]
</properties>
  <testcase name="testPostUser" classname="api.test.UserTests" time="4.143">
    <system-out><![CDATA[HTTP/1.1 200 OK
Date: Tue, 20 May 2025 18:51:55 GMT
Content-Type: application/json
Transfer-Encoding: chunked
Connection: keep-alive
Access-Control-Allow-Origin: *
Access-Control-Allow-Methods: GET, POST, DELETE, PUT
Access-Control-Allow-Headers: Content-Type, api_key, Authorization
Server: Jetty(9.2.9.v20150224)

{
    "code": 200,
    "type": "unknown",
    "message": "2130357594"
}
]]></system-out>
    <system-err><![CDATA[SLF4J: Failed to load class "org.slf4j.impl.StaticLoggerBinder".
SLF4J: Defaulting to no-operation (NOP) logger implementation
SLF4J: See http://www.slf4j.org/codes.html#StaticLoggerBinder for further details.
]]></system-err>
  </testcase>
  <testcase name="testGetUserByName" classname="api.test.UserTests" time="1.447">
    <system-out><![CDATA[{
    "id": 2130357594,
    "username": "nidia.hessel",
    "firstName": "Meggan",
    "lastName": "Swaniawski",
    "email": "clinton.hills@example.com",
    "password": "2md1bc7s",
    "phone": "1-185-870-9121",
    "userStatus": 0
}
]]></system-out>
  </testcase>
  <testcase name="tesUpdatetUserByName" classname="api.test.UserTests" time="3.066">
    <system-out><![CDATA[{
    "code": 200,
    "type": "unknown",
    "message": "2130357594"
}
]]></system-out>
  </testcase>
  <testcase name="testDeleteUserByName" classname="api.test.UserTests" time="1.46">
    <system-out><![CDATA[{
    "code": 200,
    "type": "unknown",
    "message": "nidia.hessel"
}
]]></system-out>
  </testcase>
</testsuite>