<?xml version="1.0" encoding="UTF-8"?>
<testng-results ignored="0" total="4" passed="4" failed="0" skipped="0">
  <reporter-output>
  </reporter-output>
  <suite started-at="2025-05-19T01:05:29 IST" name="PetSuite" finished-at="2025-05-19T01:05:43 IST" duration-ms="14038">
    <groups>
    </groups>
    <test started-at="2025-05-19T01:05:29 IST" name="PetTest" finished-at="2025-05-19T01:05:43 IST" duration-ms="14038">
      <class name="api.test.UserTests">
        <test-method is-config="true" signature="setup()[pri:0, instance:api.test.UserTests@193f604a]" started-at="2025-05-19T01:05:30 IST" name="setup" finished-at="2025-05-19T01:05:30 IST" duration-ms="709" status="PASS">
          <reporter-output>
          </reporter-output>
        </test-method> <!-- setup -->
        <test-method signature="testPostUser()[pri:1, instance:api.test.UserTests@193f604a]" started-at="2025-05-19T01:05:30 IST" name="testPostUser" finished-at="2025-05-19T01:05:34 IST" duration-ms="4127" status="PASS">
          <reporter-output>
          </reporter-output>
        </test-method> <!-- testPostUser -->
        <test-method signature="testGetUserByName()[pri:2, instance:api.test.UserTests@193f604a]" started-at="2025-05-19T01:05:34 IST" name="testGetUserByName" finished-at="2025-05-19T01:05:36 IST" duration-ms="1929" status="PASS">
          <reporter-output>
          </reporter-output>
        </test-method> <!-- testGetUserByName -->
        <test-method signature="tesUpdatetUserByName()[pri:3, instance:api.test.UserTests@193f604a]" started-at="2025-05-19T01:05:36 IST" name="tesUpdatetUserByName" finished-at="2025-05-19T01:05:41 IST" duration-ms="4799" status="PASS">
          <reporter-output>
          </reporter-output>
        </test-method> <!-- tesUpdatetUserByName -->
        <test-method signature="testDeleteUserByName()[pri:4, instance:api.test.UserTests@193f604a]" started-at="2025-05-19T01:05:41 IST" name="testDeleteUserByName" finished-at="2025-05-19T01:05:43 IST" duration-ms="2175" status="PASS">
          <reporter-output>
          </reporter-output>
        </test-method> <!-- testDeleteUserByName -->
      </class> <!-- api.test.UserTests -->
    </test> <!-- PetTest -->
  </suite> <!-- PetSuite -->
</testng-results>
