<?xml version="1.0" encoding="UTF-8"?>
<!-- Generated by org.testng.reporters.JUnitXMLReporter -->
<testsuite ignored="0" hostname="LAPTOP-M2QLQSTA" failures="0" tests="4" name="PetTest" time="11.064" errors="0" timestamp="2025-05-21T00:22:23 IST">
  <testcase classname="api.test.UserTests" name="testPostUser" time="4.101"/>
  <testcase classname="api.test.UserTests" name="testGetUserByName" time="1.439"/>
  <testcase classname="api.test.UserTests" name="tesUpdatetUserByName" time="3.056"/>
  <testcase classname="api.test.UserTests" name="testDeleteUserByName" time="1.458"/>
</testsuite> <!-- PetTest -->
