<?xml version="1.0" encoding="UTF-8"?>
<!-- Generated by org.testng.reporters.JUnitXMLReporter -->
<testsuite ignored="0" hostname="LAPTOP-M2QLQSTA" failures="0" tests="4" name="PetTest" time="14.038" errors="0" timestamp="2025-05-19T01:05:44 IST">
  <testcase classname="api.test.UserTests" name="testPostUser" time="4.127"/>
  <testcase classname="api.test.UserTests" name="testGetUserByName" time="1.929"/>
  <testcase classname="api.test.UserTests" name="tesUpdatetUserByName" time="4.799"/>
  <testcase classname="api.test.UserTests" name="testDeleteUserByName" time="2.175"/>
</testsuite> <!-- PetTest -->
